<?xml version="1.0" encoding="UTF-8"?>
<testsuite name="org.easyeditor.TestRead" tests="3" skipped="0" failures="0" errors="0" timestamp="2020-04-07T20:25:42" hostname="GubenkoOVPC" time="0.008">
  <properties/>
  <testcase name="testEn" classname="org.easyeditor.TestRead" time="0.005"/>
  <testcase name="testRu" classname="org.easyeditor.TestRead" time="0.001"/>
  <testcase name="testUa" classname="org.easyeditor.TestRead" time="0.001"/>
  <system-out><![CDATA[]]></system-out>
  <system-err><![CDATA[]]></system-err>
</testsuite>
